'날짜', '108동', '109동', '110동', '108동_AVG', '109동_AVG', '110동_AVG', '108동_MAX', '109동_MAX', '110동_MAX', '108동_MIN', '109동_MIN', '110동_MIN', 'Space'
20230315,4,2,1,151250.0,150000.0,130000.0,165000,155000,130000,145000,145000,130000,  
20230316,4,2,1,151250.0,150000.0,130000.0,165000,155000,130000,145000,145000,130000,  
20230317,6,2,1,148500.0,150000.0,130000.0,165000,155000,130000,140000,145000,130000,  
20230318,6,2,1,148500.0,150000.0,130000.0,165000,155000,130000,140000,145000,130000,  
20230319,6,2,1,148500.0,150000.0,130000.0,165000,155000,130000,140000,145000,130000,  
20230320,5,2,1,150200.0,150000.0,130000.0,165000,155000,130000,145000,145000,130000,  
20230321,6,2,1,148500.0,150000.0,130000.0,165000,155000,130000,140000,145000,130000,  
20230322,6,2,1,148500.0,150000.0,130000.0,165000,155000,130000,140000,145000,130000,  
20230323,6,2,1,148500.0,148500.0,130000.0,165000,155000,130000,140000,142000,130000,  
20230324,6,2,1,148500.0,144000.0,130000.0,165000,146000,130000,140000,142000,130000,  
20230325,6,2,1,148500.0,144000.0,130000.0,165000,146000,130000,140000,142000,130000,  
20230328,6,2,1,148500.0,144000.0,130000.0,165000,146000,130000,140000,142000,130000,  
20230329,6,2,1,148500.0,144000.0,130000.0,165000,146000,130000,140000,142000,130000,  
20230330,6,2,1,148500.0,148500.0,130000.0,165000,155000,130000,140000,142000,130000,  
20230331,6,2,1,148500.0,144000.0,130000.0,165000,146000,130000,140000,142000,130000,  
20230401,7,2,1,148714.2857142857,144000.0,130000.0,165000,146000,130000,140000,142000,130000,  
20230402,7,2,1,148714.2857142857,144000.0,130000.0,165000,146000,130000,140000,142000,130000,  
20230403,7,2,1,148714.2857142857,144000.0,130000.0,165000,146000,130000,140000,142000,130000,  
20230404,7,2,1,148714.2857142857,144000.0,130000.0,165000,146000,130000,140000,142000,130000,
20230405 7 2 0 148714.2857142857 144000.0 165000 146000 140000 142000    
20230406 7 2 0 148714.2857142857 144000.0 165000 146000 140000 142000    
20230407 8 2 0 148250.0 144000.0 165000 146000 140000 142000    
20230408 8 2 0 148250.0 144000.0 165000 146000 140000 142000      
20230409, 8, 2, 0, 148250.0, 144000.0, 165000, 146000, 140000, 142000,   , 
20230410, 8, 2, 0, 148250.0, 144000.0, 165000, 146000, 140000, 142000,   , 
20230411, 8, 2, 0, 148250.0, 144000.0, 165000, 146000, 140000, 142000,   , 
20230412, 8, 2, 0, 148250.0, 144000.0, 165000, 146000, 140000, 142000,   , 
20230413, 8, 2, 0, 148250.0, 144000.0, 165000, 146000, 140000, 142000,   , 
20230414, 8, 2, 0, 148250.0, 144000.0, 165000, 146000, 140000, 142000,   , 
20230415, 8, 2, 0, 148250.0, 144000.0, 165000, 146000, 140000, 142000,   , 
20230416, 7, 2, 0, 148571.42857142858, 144000.0, 165000, 146000, 140000, 142000,   , 
20230417, 7, 2, 0, 148571.42857142858, 144000.0, 165000, 146000, 140000, 142000,   , 
20230418, 8, 2, 0, 148250.0, 144000.0, 165000, 146000, 140000, 142000,   , 
20230419, 8, 2, 0, 148250.0, 144000.0, 165000, 146000, 140000, 142000,   , 
20230420, 8, 2, 0, 150125.0, 144000.0, 165000, 146000, 140000, 142000,   , 
20230421, 8, 2, 0, 150125.0, 144000.0, 165000, 146000, 140000, 142000,   , 
20230422, 8, 2, 0, 150625.0, 144000.0, 165000, 146000, 144000, 142000,   , 
20230423, 8, 2, 0, 150625.0, 144000.0, 165000, 146000, 144000, 142000,   , 
20230424, 8, 2, 0, 150625.0, 144000.0, 165000, 146000, 144000, 142000,   , 
20230425, 8, 2, 0, 150625.0, 144000.0, 165000, 146000, 144000, 142000,   , 
20230426, 8, 2, 0, 150625.0, 144000.0, 165000, 146000, 144000, 142000,   , 
20230427, 8, 2, 0, 150625.0, 144000.0, 165000, 146000, 144000, 142000,   , 
20230428, 8, 2, 0, 150625.0, 144000.0, 165000, 146000, 144000, 142000,   , 
20230429, 8, 2, 0, 150625.0, 144000.0, 165000, 146000, 144000, 142000,   , 
20230430, 8, 2, 0, 150625.0, 144000.0, 165000, 146000, 144000, 142000,   , 
20230501, 8, 2, 0, 150625.0, 144000.0, 165000, 146000, 144000, 142000,   , 
20230502, 8, 2, 0, 150625.0, 144000.0, 165000, 146000, 144000, 142000,   , 
20230503, 8, 2, 0, 148750.0, 144000.0, 165000, 146000, 144000, 142000,   , 
20230504, 8, 2, 0, 148750.0, 144000.0, 165000, 146000, 144000, 142000,   , 
20230505, 8, 2, 0, 148750.0, 144000.0, 165000, 146000, 144000, 142000,   , 
20230506, 8, 2, 0, 148750.0, 144000.0, 165000, 146000, 144000, 142000,   , 
20230507, 8, 2, 0, 148750.0, 144000.0, 165000, 146000, 144000, 142000,   , 
20230508, 7, 2, 0, 149285.7142857143, 144000.0, 165000, 146000, 144000, 142000,   , 
20230509, 7, 2, 0, 151714.2857142857, 144000.0, 165000, 146000, 144000, 142000,   , 
20230510, 7, 2, 0, 151714.2857142857, 144000.0, 165000, 146000, 144000, 142000,   , 
20230511, 8, 2, 0, 150875.0, 144000.0, 165000, 146000, 144000, 142000,   , 
20230512, 8, 2, 0, 150875.0, 144000.0, 165000, 146000, 144000, 142000,   , 
20230513, 8, 2, 0, 150875.0, 144000.0, 165000, 146000, 144000, 142000,   , 
20230514, 8, 2, 0, 150875.0, 144000.0, 165000, 146000, 144000, 142000,   , 
20230515, 8, 2, 0, 150875.0, 144000.0, 165000, 146000, 144000, 142000,   , 
20230519, 8, 2, 0, 150875.0, 144000.0, 165000, 146000, 144000, 142000,   , 
20230520, 8, 2, 0, 150875.0, 144000.0, 165000, 146000, 144000, 142000,   , 
20230521, 8, 2, 0, 150875.0, 144000.0, 165000, 146000, 144000, 142000,   , 
20230522, 8, 2, 0, 150875.0, 144000.0, 165000, 146000, 144000, 142000,   , 
20230523, 8, 2, 0, 150875.0, 144000.0, 165000, 146000, 144000, 142000,   , 
20230524, 8, 2, 0, 150250.0, 144000.0, 162000, 146000, 144000, 142000,   , 
20230525, 8, 2, 0, 150000.0, 144000.0, 160000, 146000, 144000, 142000,   , 
20230526, 8, 2, 0, 150250.0, 144000.0, 162000, 146000, 144000, 142000,   , 
20230527, 8, 2, 0, 150250.0, 144000.0, 162000, 146000, 144000, 142000,   , 
20230528, 8, 2, 0, 150250.0, 144000.0, 162000, 146000, 144000, 142000,   , 
20230529, 8, 2, 0, 150250.0, 144000.0, 162000, 146000, 144000, 142000,   , 
20230530, 8, 2, 0, 150000.0, 144000.0, 160000, 146000, 144000, 142000,   , 
20230531, 8, 2, 0, 149375.0, 144000.0, 160000, 146000, 144000, 142000,   , 
20230601, 9, 2, 0, 149444.44444444444, 144000.0, 160000, 146000, 144000, 142000,   , 
20230602, 9, 2, 0, 149444.44444444444, 144000.0, 160000, 146000, 144000, 142000,   , 
20230603, 9, 2, 0, 149444.44444444444, 144000.0, 160000, 146000, 144000, 142000,   , 
20230605, 9, 2, 0, 149444.44444444444, 144000.0, 160000, 146000, 144000, 142000,   , 
20230606, 9, 1, 0, 149444.44444444444, 146000.0, 160000, 146000, 144000, 146000,   , 
20230607, 10, 1, 0, 149000.0, 146000.0, 160000, 146000, 144000, 146000,   , 
20230608, 10, 2, 0, 149000.0, 144000.0, 160000, 146000, 144000, 142000,   , 
20230609, 10, 2, 0, 149000.0, 144000.0, 160000, 146000, 144000, 142000,   , 
20230610, 9, 1, 0, 150111.11111111112, 146000.0, 160000, 146000, 145000, 146000,   , 
20230611, 8, 1, 0, 150750.0, 146000.0, 160000, 146000, 145000, 146000,   , 
20230612, 9, 1, 0, 149777.77777777778, 146000.0, 160000, 146000, 142000, 146000,   , 
20230613, 9, 1, 0, 149777.77777777778, 146000.0, 160000, 146000, 142000, 146000,   , 
20230614, 9, 1, 0, 151444.44444444444, 146000.0, 160000, 146000, 142000, 146000,   , 
20230615, 9, 1, 0, 149777.77777777778, 146000.0, 160000, 146000, 142000, 146000,   , 
20230616, 9, 1, 0, 149777.77777777778, 146000.0, 160000, 146000, 142000, 146000,   , 
20230617, 9, 1, 0, 149777.77777777778, 146000.0, 160000, 146000, 142000, 146000,   , 
20230618, 9, 1, 0, 149777.77777777778, 146000.0, 160000, 146000, 142000, 146000,   , 
20230619, 9, 1, 0, 149777.77777777778, 146000.0, 160000, 146000, 142000, 146000,   , 
20230620, 9, 1, 0, 149777.77777777778, 146000.0, 160000, 146000, 142000, 146000,   , 
20230621, 9, 1, 0, 149777.77777777778, 146000.0, 160000, 146000, 142000, 146000,   , 
20230622, 9, 1, 0, 148888.88888888888, 146000.0, 160000, 146000, 142000, 146000,   , 
20230623, 9, 1, 0, 148888.88888888888, 146000.0, 160000, 146000, 142000, 146000,   , 
20230624, 9, 1, 0, 148888.88888888888, 146000.0, 160000, 146000, 142000, 146000,   , 
20230625, 9, 1, 0, 148888.88888888888, 146000.0, 160000, 146000, 142000, 146000,   , 
20230626, 9, 1, 0, 148888.88888888888, 146000.0, 160000, 146000, 142000, 146000,   , 
20230627, 9, 1, 0, 148888.88888888888, 146000.0, 160000, 146000, 142000, 146000,   , 
20230628, 9, 1, 0, 148888.88888888888, 146000.0, 160000, 146000, 142000, 146000,   , 
20230629, 9, 1, 0, 148888.88888888888, 146000.0, 160000, 146000, 142000, 146000,   , 
20230630, 9, 1, 0, 148888.88888888888, 146000.0, 160000, 146000, 142000, 146000,   , 
20230701, 9, 1, 0, 148888.88888888888, 146000.0, 160000, 146000, 142000, 146000,   , 
20230702, 9, 1, 0, 148888.88888888888, 146000.0, 160000, 146000, 142000, 146000,   , 
20230704, 9, 1, 0, 148888.88888888888, 146000.0, 160000, 146000, 142000, 146000,   , 
20230709, 8, 1, 0, 148750.0, 146000.0, 160000, 146000, 142000, 146000,   , 
