20230325 4 
20230328 4 
20230329 4 
20230330 4 
20230331 4 
20230401 4 
20230402 4 
20230404 4 
20230405 4 
20230406 4 
20230407 4 
20230408 4 
20230409 4 
20230410 4 
20230411 4 
20230412 4 
20230413 4 
20230414 4 
20230415 4 
20230415 4 
20230415 4 
20230416 4 
20230417 4 
20230418 4 
20230419 3 
20230420 3 
20230421 3 
20230422 3 
20230423 3 
20230424 3 
20230425 3 
20230426 3 
20230427 3 
20230428 3 
20230429 3 
20230430 3 
20230501 3 
20230502 3 
20230503 3 
20230504 3 
20230505 3 
20230506 3 
20230507 3 
20230508 3 
20230509 4 
20230510 4 
20230511 4 
20230512 3 
20230513 3 
20230514 3 
20230515 3 
20230519 5 
20230520 5 
20230521 5 
20230522 5 
20230523 7 
20230524 7 
20230525 7 
20230526 7 
20230527 7 
20230528 7 
20230529 7 
20230530 7 
20230531 7 
20230601 7 
20230602 7 
