20230314,매매,11/23,"14억 9,000",114,84,남향,106동
20230314,매매,3/18,"10억 5,000",82,59,동향,116동
20230314,매매,13/18,"11억 5,000",82,59,동향,115동
20230314,매매,2/27,14억,114,84,남향,102동
20230314,매매,8/27,"13억 8,000",82,59,남향,104동
20230314,매매,14/27,"16억 5,000",114,84,남향,104동
20230314,매매,저/27,13억,114,84,남향,110동
20230314,매매,중/23,"16억 5,000",114,84,남향,106동
20230314,매매,고/18,11억,82,59,동향,116동
20230314,매매,고/18,11억,82,59,동향,116동
20230314,매매,고/27,"15억 5,000",114,84,남향,109동
20230314,매매,고/18,"10억 3,000",82,59,동향,113동
20230314,매매,저/18,"10억 3,000",82,59,동향,113동
20230314,매매,저/27,"14억 5,000",114,84,남향,103동
20230314,매매,중/27,"11억 3,000",82,59,남동향,103동
20230314,매매,중/18,11억,82,59,동향,113동
20230314,매매,중/18,"10억 5,000",86,59,남향,113동
20230314,매매,중/18,"10억 7,000",82,59,남향,111동
20230314,매매,중/27,14억,114,84,남향,103동
20230314,매매,중/27,"14억 5,000",114,84,남향,109동
20230314,전세,3/27,"6억 2,000",114,84,남향,103동
20230314,전세,8/18,"5억 5,000",86,59,남향,113동
20230314,전세,22/26,"8억 5,000",144,118,동향,101동
20230314,전세,3/18,6억,82,59,동향,116동
20230314,전세,26/27,7억,114,84,남향,104동
20230314,전세,12/27,7억,109,84,남동향,108동
20230314,전세,26/27,7억,114,84,남향,104동
20230314,전세,10/27,"5억 4,000",82,59,남동향,103동
20230314,전세,중/18,"6억 5,000",109,84,남향,116동
20230314,전세,고/27,"9억 5,000",145,118,남향,107동
20230314,전세,중/23,7억,114,84,남향,106동
20230314,전세,저/27,"6억 5,000",114,84,남향,102동
20230314,전세,중/18,"5억 5,000",82,59,남동향,113동
20230314,전세,중/23,6억,114,84,남향,106동
20230314,전세,중/27,7억,114,84,남향,108동
20230314,전세,고/27,"9억 5,000",144,118,남향,107동
20230314,전세,저/27,"6억 1,000",114,84,남향,103동
20230314,전세,중/27,7억,114,84,남향,108동
20230314,전세,저/27,7억,114,84,남향,102동
20230314,전세,중/18,"5억 5,000",82,59,동향,116동
20230314,월세,9/27,5억,109,84,남동향,108동
20230314,월세,10/27,4억,82,59,남동향,103동
20230314,월세,7/18,"2,000",82,59,남동향,112동
20230314,월세,저/27,6억,114,84,남향,110동
20230314,월세,중/27,2억,82,59,남동향,103동
20230314,월세,중/23,"5억 5,000",114,84,남향,106동
20230314,월세,중/26,1억,114,84,남향,105동
20230314,월세,중/18,5억,109,84,남향,116동
20230314,월세,저/27,3억,114,84,남향,103동
20230314,월세,저/27,3억,114,84,남향,110동
20230314,월세,중/27,2억,82,59,남동향,103동
20230314,월세,중/27,6억,144,118,서향,107동
20230314,월세,저/27,5억,114,84,남향,102동
20230314,월세,중/23,3억,114,84,남향,106동
20230314,월세,저/18,"5,000",85,59,남향,113동
20230314,월세,고/23,"1억 8,000",114,84,남향,106동
20230314,월세,고/27,"6억 5,000",145,118,남향,107동
20230314,월세,저/18,"3억 5,000",82,59,동향,115동
20230314,월세,8/18,3억,82,59,동향,115동
20230314,월세,저/26,"4억 5,000",114,84,남향,105동
20230314,월세,9/27,5억,109,84,남동향,108동
20230314,전세,12/27,7억,109,84,남동향,108동
20230314,전세,중/27,7억,114,84,남향,108동
20230314,전세,중/27,7억,114,84,남향,108동
20230314,매매,고/27,"16억 5,000",114,84,남향,108동
20230314,월세,중/27,4억,114,84,동향,108동
20230314,전세,중/27,7억,109,84,남동향,108동
20230314,매매,고/27,"14억 5,000",114,84,남향,108동
20230314,매매,중/27,15억,109,84,남동향,108동
20230314,매매,저/27,"14억 5,000",114,84,남향,108동
20230314,매매,고/27,"15억 5,000",114,84,남향,109동
20230314,매매,중/27,"14억 5,000",114,84,남향,109동
20230314,전세,고/27,"7억 5,000",114,84,남향,109동
20230314,월세,저/27,6억,114,84,남향,110동
20230314,월세,저/27,3억,114,84,남향,110동
20230314,매매,저/27,13억,114,84,남향,110동
,,,,,,,
20230315,매매,3/18,"10억 5,000",82,59,동향,116동
20230315,매매,8/27,"13억 8,000",82,59,남향,104동
20230315,매매,13/18,"11억 5,000",82,59,동향,115동
20230315,매매,2/27,14억,114,84,남향,102동
20230315,매매,11/23,"14억 9,000",114,84,남향,106동
20230315,매매,고/27,"15억 5,000",114,84,남향,109동
20230315,매매,고/18,"10억 3,000",82,59,동향,113동
20230315,매매,저/18,"10억 2,000",82,59,동향,115동
20230315,매매,저/18,"10억 3,000",82,59,동향,113동
20230315,매매,저/27,"14억 5,000",114,84,남향,103동
20230315,매매,중/18,"10억 5,000",86,59,동향,113동
20230315,매매,14/27,"16억 5,000",114,84,남향,104동
20230315,매매,중/27,"14억 5,000",114,84,남향,109동
20230315,매매,고/18,11억,82,59,동향,116동
20230315,매매,고/18,11억,82,59,동향,116동
20230315,매매,중/27,"13억 8,000",114,84,남향,103동
20230315,매매,중/18,11억,82,59,동향,113동
20230315,매매,중/23,"16억 5,000",114,84,남향,106동
20230315,매매,저/27,13억,114,84,남향,110동
20230315,매매,중/18,"10억 7,000",82,59,남향,111동
20230315,전세,12/27,7억,109,84,남향,108동
20230315,전세,8/18,"5억 5,000",86,59,남향,113동
20230315,전세,3/18,6억,82,59,동향,116동
20230315,전세,22/26,"8억 5,000",144,118,동향,101동
20230315,전세,3/27,"6억 2,000",114,84,남향,103동
20230315,전세,26/27,7억,114,84,남향,104동
20230315,전세,26/27,7억,114,84,남향,104동
20230315,전세,10/27,"5억 4,000",82,59,남동향,103동
20230315,전세,중/23,6억,114,84,남향,106동
20230315,전세,중/18,"6억 5,000",109,84,남향,116동
20230315,전세,저/27,"6억 5,000",114,84,남향,104동
20230315,전세,중/18,"5억 5,000",82,59,남향,116동
20230315,전세,고/27,"9억 5,000",145,118,남향,107동
20230315,전세,고/27,"9억 5,000",144,118,남향,107동
20230315,전세,저/18,"5억 6,000",85,59,남향,116동
20230315,전세,저/27,7억,114,84,남향,102동
20230315,전세,중/23,7억,114,84,남향,106동
20230315,전세,저/27,"6억 5,000",114,84,남향,102동
20230315,전세,저/27,"6억 2,000",114,84,남향,103동
20230315,전세,중/27,7억,114,84,남향,108동
20230315,월세,9/27,5억,109,84,남동향,108동
20230315,월세,10/27,4억,82,59,남동향,103동
20230315,월세,7/18,"2,000",82,59,남동향,112동
20230315,월세,중/27,2억,82,59,남향,103동
20230315,월세,중/23,"5억 5,000",114,84,남향,106동
20230315,월세,저/27,3억,114,84,남향,110동
20230315,월세,저/18,"5,000",85,59,남향,113동
20230315,월세,저/27,3억,114,84,남향,103동
20230315,월세,중/27,2억,82,59,남향,103동
20230315,월세,고/27,"6억 5,000",145,118,남향,107동
20230315,월세,중/23,3억,114,84,남향,106동
20230315,월세,저/18,"3억 5,000",82,59,동향,115동
20230315,월세,저/27,5억,114,84,남향,102동
20230315,월세,중/26,1억,114,84,남향,105동
20230315,월세,저/27,6억,114,84,남향,110동
20230315,월세,중/27,6억,144,118,서향,107동
20230315,월세,고/23,"1억 8,000",114,84,남향,106동
20230315,월세,중/18,5억,109,84,남향,116동
20230315,월세,8/18,3억,82,59,동향,115동
20230315,월세,저/26,"4억 5,000",114,84,남향,105동
20230315,월세,9/27,5억,109,84,남동향,108동
20230315,전세,12/27,7억,109,84,남향,108동
20230315,전세,중/27,7억,114,84,남향,108동
20230315,전세,중/27,7억,114,84,남향,108동
20230315,매매,고/27,"16억 5,000",114,84,남향,108동
20230315,월세,중/27,4억,114,84,동향,108동
20230315,매매,중/27,15억,109,84,남동향,108동
20230315,매매,고/27,"14억 5,000",114,84,남향,108동
20230315,전세,중/27,7억,109,84,남동향,108동
20230315,매매,저/27,"14억 5,000",114,84,남향,108동
20230315,매매,고/27,"15억 5,000",114,84,남향,109동
20230315,매매,중/27,"14억 5,000",114,84,남향,109동
20230315,전세,고/27,"7억 5,000",114,84,남향,109동
20230315,월세,저/27,3억,114,84,남향,110동
20230315,매매,저/27,13억,114,84,남향,110동
20230315,월세,저/27,6억,114,84,남향,110동
,,,,,,,
20230316,매매,13/18,"11억 5,000",82,59,동향,115동
20230316,매매,2/27,14억,114,84,남향,102동
20230316,매매,3/18,11억,82,59,남향,116동
20230316,매매,8/27,"13억 8,000",82,59,남향,104동
20230316,매매,11/23,"14억 9,000",114,84,남향,106동
20230316,매매,중/18,13억,82,59,남향,111동
20230316,매매,고/18,"10억 3,000",82,59,동향,113동
20230316,매매,저/27,13억,114,84,남향,110동
20230316,매매,중/27,"11억 3,000",82,59,남동향,103동
20230316,매매,중/27,"13억 8,000",114,84,남향,103동
20230316,매매,중/27,15억,114,84,남향,103동
20230316,매매,저/18,"10억 3,000",82,59,동향,113동
20230316,매매,저/27,"14억 5,000",114,84,남향,103동
20230316,매매,저/18,"10억 2,000",82,59,동향,115동
20230316,매매,중/27,"14억 5,000",114,84,남향,109동
20230316,매매,중/18,"10억 5,000",86,59,남향,113동
20230316,매매,고/18,11억,82,59,동향,116동
20230316,매매,고/18,11억,82,59,동향,116동
20230316,매매,고/27,"15억 5,000",114,84,남향,109동
20230316,매매,저/18,"10억 2,000",82,59,동향,114동
20230316,전세,4/27,"6억 5,000",114,84,남향,104동
20230316,전세,3/18,6억,82,59,동향,116동
20230316,전세,22/26,"8억 5,000",144,118,동향,101동
20230316,전세,8/18,"5억 3,000",86,59,남향,113동
20230316,전세,3/27,"6억 1,000",114,84,남향,103동
20230316,전세,12/27,7억,109,84,남동향,108동
20230316,전세,12/26,7억,114,84,남향,105동
20230316,전세,26/27,7억,114,84,남향,104동
20230316,전세,26/27,7억,114,84,남향,104동
20230316,전세,10/27,"5억 4,000",82,59,남동향,103동
20230316,전세,중/18,"5억 3,000",82,59,동향,116동
20230316,전세,중/18,"6억 5,000",109,84,남향,116동
20230316,전세,중/23,6억,114,84,남동향,106동
20230316,전세,저/18,"5억 6,000",85,59,동향,116동
20230316,전세,고/27,"9억 5,000",144,118,남향,107동
20230316,전세,중/23,7억,114,84,남향,106동
20230316,전세,고/27,"9억 5,000",145,118,남향,107동
20230316,전세,저/27,"6억 2,000",114,84,남향,103동
20230316,전세,중/27,"6억 5,000",114,84,남향,110동
20230316,전세,저/26,"6억 5,000",114,84,남향,105동
20230316,월세,9/27,5억,109,84,남동향,108동
20230316,월세,17/27,"2억 5,000",82,59,남향,103동
20230316,월세,13/27,2억,82,59,남동향,103동
20230316,월세,7/18,"2,000",82,59,남동향,112동
20230316,월세,10/27,4억,82,59,남동향,103동
20230316,월세,고/23,4억,114,84,남향,106동
20230316,월세,중/27,4억,114,84,동향,108동
20230316,월세,중/26,1억,114,84,남향,105동
20230316,월세,중/18,5억,109,84,남향,116동
20230316,월세,중/23,"5억 5,000",114,84,남향,106동
20230316,월세,중/23,3억,114,84,남동향,106동
20230316,월세,저/27,3억,114,84,남향,110동
20230316,월세,저/18,"5,000",85,59,동향,113동
20230316,월세,저/27,3억,114,84,남향,103동
20230316,월세,고/27,"6억 5,000",145,118,남향,107동
20230316,월세,중/27,6억,144,118,서향,107동
20230316,월세,저/26,"4억 5,000",114,84,남향,105동
20230316,월세,저/18,"3억 5,000",82,59,동향,115동
20230316,월세,저/27,6억,114,84,남향,110동
20230316,월세,저/27,5억,114,84,남향,102동
20230316,월세,9/27,5억,109,84,남동향,108동
20230316,전세,12/27,7억,109,84,남동향,108동
20230316,월세,중/27,4억,114,84,동향,108동
20230316,전세,중/27,7억,114,84,남향,108동
20230316,전세,중/27,7억,114,84,남향,108동
20230316,매매,고/27,"16억 5,000",114,84,남향,108동
20230316,매매,중/27,15억,109,84,남동향,108동
20230316,매매,고/27,"14억 5,000",114,84,남향,108동
20230316,전세,중/27,7억,109,84,남동향,108동
20230316,매매,저/27,"14억 5,000",114,84,남향,108동
20230316,매매,중/27,"14억 5,000",114,84,남향,109동
20230316,매매,고/27,"15억 5,000",114,84,남향,109동
20230316,전세,고/27,"7억 5,000",114,84,남향,109동
20230316,매매,저/27,13억,114,84,남향,110동
20230316,월세,저/27,3억,114,84,남향,110동
20230316,전세,중/27,"6억 5,000",114,84,남향,110동
20230316,월세,저/27,6억,114,84,남향,110동
,,,,,,,
