20230402,매매,16/26,"135,000",114,84,남향,104동
20230402,매매,고/26,"134,000",113,84,남동향,201동
20230402,매매,10/29,"135,000",114,84,남동향,110동
20230402,매매,15/29,"140,000",112,84,남향,111동
20230402,매매,저/29,"128,000",112,84,남서향,109동
20230402,매매,7/29,"135,000",112,84,남향,101동
20230402,매매,17/29,"135,000",112,84,남동향,101동
20230402,매매,고/29,"135,000",112,84,남향,101동
20230402,월세,15/26,"40,000",129,100,남향,201동
20230402,월세,8/29,"20,000",112,84,남동향,113동
20230402,월세,21/29,"40,000",112,84,남서향,112동
20230402,월세,5/29,"50,000",114,84,남서향,108동
20230402,월세,1/29,"30,000",112,84,남동향,108동
20230402,전세,6/29,"65,000",112,84,남동향,114동
20230402,전세,10/29,"68,000",114,84,남향,110동
20230402,전세,2/29,"68,000",112,84,남향,113동
20230402,전세,7/29,"65,000",112,84,남동향,101동
20230402,전세,2/29,"73,000",84,59,남서향,112동
20230402,전세,15/26,"90,000",129,100,남향,201동
20230402,전세,17/26,"69,000",114,84,남동향,202동
